<?xml version="1.0" encoding="UTF-8"?>
<coverage generated="1777549658347" clover="3.2.0">
  <project timestamp="1777549658347" name="All files">
    <metrics statements="274" coveredstatements="263" conditionals="146" coveredconditionals="109" methods="53" coveredmethods="52" elements="473" coveredelements="424" complexity="0" loc="274" ncloc="274" packages="4" files="9" classes="9"/>
    <package name="app.api.ai.optimize">
      <metrics statements="10" coveredstatements="8" conditionals="6" coveredconditionals="4" methods="1" coveredmethods="1"/>
      <file name="route.ts" path="/workspaces/KingShotBaby/app/api/ai/optimize/route.ts">
        <metrics statements="10" coveredstatements="8" conditionals="6" coveredconditionals="4" methods="1" coveredmethods="1"/>
        <line num="1" count="1" type="stmt"/>
        <line num="2" count="1" type="stmt"/>
        <line num="8" count="1" type="stmt"/>
        <line num="9" count="1" type="stmt"/>
        <line num="10" count="1" type="stmt"/>
        <line num="11" count="1" type="cond" truecount="3" falsecount="1"/>
        <line num="13" count="1" type="cond" truecount="1" falsecount="1"/>
        <line num="14" count="0" type="stmt"/>
        <line num="22" count="1" type="stmt"/>
        <line num="35" count="0" type="stmt"/>
      </file>
    </package>
    <package name="app.api.ai.predict">
      <metrics statements="11" coveredstatements="10" conditionals="8" coveredconditionals="2" methods="1" coveredmethods="1"/>
      <file name="route.ts" path="/workspaces/KingShotBaby/app/api/ai/predict/route.ts">
        <metrics statements="11" coveredstatements="10" conditionals="8" coveredconditionals="2" methods="1" coveredmethods="1"/>
        <line num="1" count="1" type="stmt"/>
        <line num="2" count="1" type="stmt"/>
        <line num="10" count="1" type="stmt"/>
        <line num="11" count="1" type="stmt"/>
        <line num="12" count="1" type="stmt"/>
        <line num="14" count="1" type="stmt"/>
        <line num="15" count="1" type="cond" truecount="1" falsecount="1"/>
        <line num="21" count="1" type="cond" truecount="1" falsecount="1"/>
        <line num="27" count="1" type="stmt"/>
        <line num="33" count="1" type="stmt"/>
        <line num="41" count="0" type="stmt"/>
      </file>
    </package>
    <package name="lib.ai">
      <metrics statements="131" coveredstatements="129" conditionals="78" coveredconditionals="63" methods="33" coveredmethods="33"/>
      <file name="hero.ts" path="/workspaces/KingShotBaby/lib/ai/hero.ts">
        <metrics statements="61" coveredstatements="61" conditionals="54" coveredconditionals="44" methods="15" coveredmethods="15"/>
        <line num="1" count="3" type="stmt"/>
        <line num="14" count="3" type="stmt"/>
        <line num="21" count="3" type="stmt"/>
        <line num="30" count="3250" type="cond" truecount="1" falsecount="1"/>
        <line num="31" count="3250" type="stmt"/>
        <line num="32" count="3250" type="stmt"/>
        <line num="33" count="6513" type="stmt"/>
        <line num="35" count="3250" type="stmt"/>
        <line num="39" count="3588" type="stmt"/>
        <line num="40" count="3588" type="cond" truecount="1" falsecount="1"/>
        <line num="41" count="3588" type="cond" truecount="4" falsecount="0"/>
        <line num="42" count="3120" type="cond" truecount="5" falsecount="0"/>
        <line num="43" count="2054" type="cond" truecount="4" falsecount="0"/>
        <line num="44" count="338" type="stmt"/>
        <line num="48" count="6422" type="stmt"/>
        <line num="49" count="6422" type="cond" truecount="3" falsecount="0"/>
        <line num="56" count="468" type="stmt"/>
        <line num="57" count="468" type="stmt"/>
        <line num="59" count="468" type="stmt"/>
        <line num="60" count="6422" type="cond" truecount="2" falsecount="0"/>
        <line num="61" count="3588" type="stmt"/>
        <line num="62" count="3588" type="cond" truecount="2" falsecount="0"/>
        <line num="64" count="3250" type="stmt"/>
        <line num="65" count="3250" type="cond" truecount="2" falsecount="0"/>
        <line num="66" count="936" type="stmt"/>
        <line num="67" count="936" type="stmt"/>
        <line num="71" count="468" type="stmt"/>
        <line num="75" count="936" type="cond" truecount="3" falsecount="1"/>
        <line num="76" count="936" type="stmt"/>
        <line num="80" count="468" type="stmt"/>
        <line num="81" count="468" type="stmt"/>
        <line num="82" count="468" type="stmt"/>
        <line num="83" count="468" type="stmt"/>
        <line num="85" count="468" type="cond" truecount="3" falsecount="1"/>
        <line num="86" count="468" type="stmt"/>
        <line num="88" count="468" type="cond" truecount="4" falsecount="0"/>
        <line num="89" count="325" type="stmt"/>
        <line num="91" count="468" type="stmt"/>
        <line num="93" count="468" type="stmt"/>
        <line num="97" count="13" type="stmt"/>
        <line num="98" count="13" type="cond" truecount="1" falsecount="1"/>
        <line num="101" count="3" type="stmt"/>
        <line num="102" count="13" type="stmt"/>
        <line num="104" count="468" type="cond" truecount="1" falsecount="1"/>
        <line num="105" count="468" type="stmt"/>
        <line num="106" count="468" type="stmt"/>
        <line num="107" count="468" type="stmt"/>
        <line num="108" count="468" type="stmt"/>
        <line num="110" count="468" type="stmt"/>
        <line num="119" count="468" type="stmt"/>
        <line num="122" count="3" type="stmt"/>
        <line num="123" count="46" type="stmt"/>
        <line num="124" count="46" type="cond" truecount="3" falsecount="1"/>
        <line num="125" count="46" type="stmt"/>
        <line num="126" count="46" type="cond" truecount="1" falsecount="1"/>
        <line num="127" count="46" type="stmt"/>
        <line num="130" count="3" type="stmt"/>
        <line num="131" count="12" type="stmt"/>
        <line num="132" count="12" type="cond" truecount="1" falsecount="1"/>
        <line num="134" count="52" type="stmt"/>
        <line num="135" count="12" type="cond" truecount="3" falsecount="1"/>
      </file>
      <file name="model.ts" path="/workspaces/KingShotBaby/lib/ai/model.ts">
        <metrics statements="23" coveredstatements="21" conditionals="10" coveredconditionals="7" methods="3" coveredmethods="3"/>
        <line num="1" count="2" type="stmt"/>
        <line num="2" count="2" type="stmt"/>
        <line num="17" count="2" type="stmt"/>
        <line num="18" count="6" type="cond" truecount="1" falsecount="1"/>
        <line num="19" count="6" type="cond" truecount="1" falsecount="1"/>
        <line num="20" count="6" type="stmt"/>
        <line num="23" count="2" type="stmt"/>
        <line num="24" count="3" type="stmt"/>
        <line num="25" count="3" type="stmt"/>
        <line num="26" count="3" type="stmt"/>
        <line num="28" count="3" type="cond" truecount="2" falsecount="0"/>
        <line num="29" count="1" type="stmt"/>
        <line num="37" count="2" type="stmt"/>
        <line num="38" count="2" type="stmt"/>
        <line num="46" count="2" type="stmt"/>
        <line num="47" count="1" type="stmt"/>
        <line num="48" count="1" type="stmt"/>
        <line num="49" count="1" type="stmt"/>
        <line num="50" count="1" type="stmt"/>
        <line num="52" count="1" type="cond" truecount="3" falsecount="1"/>
        <line num="53" count="0" type="stmt"/>
        <line num="56" count="1" type="stmt"/>
        <line num="61" count="0" type="stmt"/>
      </file>
      <file name="recommender.ts" path="/workspaces/KingShotBaby/lib/ai/recommender.ts">
        <metrics statements="47" coveredstatements="47" conditionals="14" coveredconditionals="12" methods="15" coveredmethods="15"/>
        <line num="1" count="2" type="stmt"/>
        <line num="18" count="2" type="stmt"/>
        <line num="26" count="11" type="stmt"/>
        <line num="27" count="11" type="stmt"/>
        <line num="28" count="11" type="stmt"/>
        <line num="32" count="6" type="stmt"/>
        <line num="33" count="6" type="stmt"/>
        <line num="35" count="6" type="stmt"/>
        <line num="36" count="24" type="stmt"/>
        <line num="37" count="24" type="cond" truecount="4" falsecount="0"/>
        <line num="38" count="24" type="stmt"/>
        <line num="40" count="24" type="stmt"/>
        <line num="43" count="24" type="cond" truecount="2" falsecount="0"/>
        <line num="44" count="7" type="stmt"/>
        <line num="48" count="24" type="stmt"/>
        <line num="49" count="6" type="stmt"/>
        <line num="51" count="6" type="stmt"/>
        <line num="55" count="8" type="stmt"/>
        <line num="56" count="4" type="stmt"/>
        <line num="58" count="2" type="stmt"/>
        <line num="65" count="2" type="stmt"/>
        <line num="66" count="3" type="cond" truecount="2" falsecount="0"/>
        <line num="68" count="2" type="stmt"/>
        <line num="70" count="11" type="stmt"/>
        <line num="71" count="11" type="cond" truecount="1" falsecount="1"/>
        <line num="72" count="11" type="stmt"/>
        <line num="74" count="11" type="stmt"/>
        <line num="76" count="2" type="cond" truecount="1" falsecount="1"/>
        <line num="78" count="19" type="stmt"/>
        <line num="79" count="11" type="stmt"/>
        <line num="81" count="2" type="stmt"/>
        <line num="82" count="2" type="stmt"/>
        <line num="85" count="2" type="stmt"/>
        <line num="86" count="9" type="stmt"/>
        <line num="87" count="16" type="stmt"/>
        <line num="88" count="14" type="stmt"/>
        <line num="89" count="6" type="stmt"/>
        <line num="90" count="24" type="stmt"/>
        <line num="91" count="6" type="cond" truecount="2" falsecount="0"/>
        <line num="92" count="2" type="stmt"/>
        <line num="93" count="2" type="stmt"/>
        <line num="100" count="8" type="stmt"/>
        <line num="101" count="2" type="stmt"/>
        <line num="102" count="2" type="stmt"/>
        <line num="104" count="2" type="stmt"/>
        <line num="106" count="8" type="stmt"/>
        <line num="109" count="8" type="stmt"/>
      </file>
    </package>
    <package name="lib.calculators">
      <metrics statements="122" coveredstatements="116" conditionals="54" coveredconditionals="40" methods="18" coveredmethods="17"/>
      <file name="damage.ts" path="/workspaces/KingShotBaby/lib/calculators/damage.ts">
        <metrics statements="48" coveredstatements="48" conditionals="18" coveredconditionals="15" methods="4" coveredmethods="4"/>
        <line num="6" count="3" type="stmt"/>
        <line num="8" count="3" type="stmt"/>
        <line num="19" count="8" type="stmt"/>
        <line num="22" count="8" type="stmt"/>
        <line num="27" count="8" type="stmt"/>
        <line num="29" count="8" type="stmt"/>
        <line num="30" count="8" type="cond" truecount="1" falsecount="1"/>
        <line num="31" count="8" type="stmt"/>
        <line num="34" count="8" type="stmt"/>
        <line num="35" count="8" type="cond" truecount="2" falsecount="0"/>
        <line num="36" count="1" type="stmt"/>
        <line num="39" count="8" type="stmt"/>
        <line num="47" count="3" type="stmt"/>
        <line num="48" count="6" type="stmt"/>
        <line num="49" count="6" type="stmt"/>
        <line num="51" count="6" type="cond" truecount="5" falsecount="0"/>
        <line num="53" count="2" type="stmt"/>
        <line num="54" count="2" type="stmt"/>
        <line num="55" count="2" type="stmt"/>
        <line num="57" count="1" type="stmt"/>
        <line num="58" count="1" type="stmt"/>
        <line num="59" count="1" type="stmt"/>
        <line num="61" count="1" type="stmt"/>
        <line num="62" count="1" type="stmt"/>
        <line num="63" count="1" type="stmt"/>
        <line num="65" count="1" type="stmt"/>
        <line num="66" count="1" type="stmt"/>
        <line num="67" count="1" type="stmt"/>
        <line num="69" count="1" type="stmt"/>
        <line num="70" count="1" type="stmt"/>
        <line num="71" count="1" type="stmt"/>
        <line num="74" count="6" type="stmt"/>
        <line num="81" count="3" type="stmt"/>
        <line num="86" count="1" type="stmt"/>
        <line num="87" count="1" type="stmt"/>
        <line num="88" count="1" type="stmt"/>
        <line num="90" count="1" type="stmt"/>
        <line num="92" count="5" type="stmt"/>
        <line num="94" count="5" type="stmt"/>
        <line num="95" count="5" type="stmt"/>
        <line num="96" count="5" type="cond" truecount="3" falsecount="1"/>
        <line num="100" count="5" type="stmt"/>
        <line num="104" count="5" type="stmt"/>
        <line num="105" count="5" type="stmt"/>
        <line num="107" count="5" type="cond" truecount="2" falsecount="0"/>
        <line num="108" count="5" type="cond" truecount="2" falsecount="0"/>
        <line num="109" count="5" type="stmt"/>
        <line num="112" count="1" type="stmt"/>
      </file>
      <file name="economic.ts" path="/workspaces/KingShotBaby/lib/calculators/economic.ts">
        <metrics statements="29" coveredstatements="29" conditionals="16" coveredconditionals="13" methods="3" coveredmethods="3"/>
        <line num="12" count="3" type="stmt"/>
        <line num="19" count="3" type="stmt"/>
        <line num="22" count="1" type="stmt"/>
        <line num="23" count="1" type="stmt"/>
        <line num="26" count="1" type="cond" truecount="3" falsecount="1"/>
        <line num="27" count="1" type="stmt"/>
        <line num="31" count="1" type="cond" truecount="1" falsecount="1"/>
        <line num="33" count="1" type="stmt"/>
        <line num="40" count="3" type="stmt"/>
        <line num="41" count="2" type="stmt"/>
        <line num="42" count="2" type="stmt"/>
        <line num="43" count="2" type="stmt"/>
        <line num="44" count="2" type="stmt"/>
        <line num="47" count="2" type="stmt"/>
        <line num="51" count="2" type="stmt"/>
        <line num="54" count="2" type="cond" truecount="1" falsecount="1"/>
        <line num="56" count="2" type="stmt"/>
        <line num="63" count="3" type="stmt"/>
        <line num="64" count="2" type="stmt"/>
        <line num="65" count="2" type="stmt"/>
        <line num="68" count="2" type="cond" truecount="2" falsecount="0"/>
        <line num="69" count="1" type="stmt"/>
        <line num="72" count="2" type="cond" truecount="2" falsecount="0"/>
        <line num="73" count="1" type="stmt"/>
        <line num="76" count="2" type="cond" truecount="2" falsecount="0"/>
        <line num="77" count="1" type="stmt"/>
        <line num="80" count="2" type="cond" truecount="2" falsecount="0"/>
        <line num="81" count="1" type="stmt"/>
        <line num="84" count="2" type="stmt"/>
      </file>
      <file name="rally.ts" path="/workspaces/KingShotBaby/lib/calculators/rally.ts">
        <metrics statements="33" coveredstatements="27" conditionals="14" coveredconditionals="7" methods="8" coveredmethods="7"/>
        <line num="3" count="2" type="stmt"/>
        <line num="5" count="2" type="stmt"/>
        <line num="6" count="2" type="stmt"/>
        <line num="9" count="2" type="stmt"/>
        <line num="10" count="2" type="stmt"/>
        <line num="11" count="1" type="stmt"/>
        <line num="15" count="2" type="stmt"/>
        <line num="18" count="2" type="stmt"/>
        <line num="21" count="2" type="stmt"/>
        <line num="23" count="1" type="cond" truecount="2" falsecount="2"/>
        <line num="24" count="1" type="stmt"/>
        <line num="25" count="1" type="stmt"/>
        <line num="27" count="0" type="stmt"/>
        <line num="32" count="2" type="stmt"/>
        <line num="35" count="2" type="stmt"/>
        <line num="36" count="2" type="stmt"/>
        <line num="38" count="2" type="cond" truecount="1" falsecount="1"/>
        <line num="39" count="0" type="stmt"/>
        <line num="43" count="2" type="stmt"/>
        <line num="44" count="2" type="stmt"/>
        <line num="45" count="1" type="cond" truecount="1" falsecount="1"/>
        <line num="46" count="0" type="cond" truecount="0" falsecount="2"/>
        <line num="47" count="0" type="stmt"/>
        <line num="49" count="0" type="stmt"/>
        <line num="55" count="2" type="stmt"/>
        <line num="58" count="2" type="stmt"/>
        <line num="59" count="2" type="stmt"/>
        <line num="60" count="1" type="cond" truecount="2" falsecount="0"/>
        <line num="63" count="2" type="stmt"/>
        <line num="64" count="1" type="cond" truecount="1" falsecount="1"/>
        <line num="65" count="0" type="stmt"/>
        <line num="69" count="2" type="stmt"/>
        <line num="71" count="2" type="stmt"/>
      </file>
      <file name="skillmod.ts" path="/workspaces/KingShotBaby/lib/calculators/skillmod.ts">
        <metrics statements="12" coveredstatements="12" conditionals="6" coveredconditionals="5" methods="3" coveredmethods="3"/>
        <line num="3" count="3" type="stmt"/>
        <line num="4" count="3" type="cond" truecount="2" falsecount="0"/>
        <line num="7" count="2" type="stmt"/>
        <line num="9" count="2" type="stmt"/>
        <line num="12" count="3" type="cond" truecount="2" falsecount="0"/>
        <line num="13" count="2" type="cond" truecount="1" falsecount="1"/>
        <line num="14" count="2" type="stmt"/>
        <line num="17" count="2" type="stmt"/>
        <line num="22" count="2" type="stmt"/>
        <line num="23" count="2" type="stmt"/>
        <line num="24" count="2" type="stmt"/>
        <line num="27" count="2" type="stmt"/>
      </file>
    </package>
  </project>
</coverage>
