{"/workspaces/KingShotBaby/app/api/ai/optimize/route.ts": {"path":"/workspaces/KingShotBaby/app/api/ai/optimize/route.ts","statementMap":{"0":{"start":{"line":8,"column":0},"end":{"line":8,"column":7}},"1":{"start":{"line":1,"column":0},"end":{"line":1,"column":43}},"2":{"start":{"line":2,"column":0},"end":{"line":2,"column":72}},"3":{"start":{"line":9,"column":2},"end":{"line":36,"column":3}},"4":{"start":{"line":10,"column":18},"end":{"line":10,"column":34}},"5":{"start":{"line":11,"column":27},"end":{"line":11,"column":67}},"6":{"start":{"line":13,"column":4},"end":{"line":20,"column":5}},"7":{"start":{"line":14,"column":6},"end":{"line":19,"column":8}},"8":{"start":{"line":22,"column":4},"end":{"line":33,"column":7}},"9":{"start":{"line":35,"column":4},"end":{"line":35,"column":74}}},"fnMap":{"0":{"name":"POST","decl":{"start":{"line":8,"column":22},"end":{"line":8,"column":26}},"loc":{"start":{"line":8,"column":39},"end":{"line":37,"column":1}}}},"branchMap":{"0":{"loc":{"start":{"line":11,"column":45},"end":{"line":11,"column":66}},"type":"cond-expr","locations":[{"start":{"line":11,"column":60},"end":{"line":11,"column":64}},{"start":{"line":11,"column":64},"end":{"line":11,"column":66}}]},"1":{"loc":{"start":{"line":11,"column":45},"end":{"line":11,"column":64}},"type":"binary-expr","locations":[{"start":{"line":11,"column":45},"end":{"line":11,"column":64}},{"start":{"line":11,"column":60},"end":{"line":11,"column":64}}]},"2":{"loc":{"start":{"line":13,"column":4},"end":{"line":20,"column":5}},"type":"if","locations":[{"start":{"line":13,"column":4},"end":{"line":20,"column":5}},{"start":{},"end":{}}]}},"s":{"0":1,"1":1,"2":1,"3":1,"4":1,"5":1,"6":1,"7":0,"8":1,"9":0},"f":{"0":1},"b":{"0":[1,0],"1":[1,1],"2":[0,1]}}
,"/workspaces/KingShotBaby/app/api/ai/predict/route.ts": {"path":"/workspaces/KingShotBaby/app/api/ai/predict/route.ts","statementMap":{"0":{"start":{"line":10,"column":0},"end":{"line":10,"column":7}},"1":{"start":{"line":1,"column":0},"end":{"line":1,"column":43}},"2":{"start":{"line":2,"column":0},"end":{"line":2,"column":94}},"3":{"start":{"line":11,"column":2},"end":{"line":42,"column":3}},"4":{"start":{"line":12,"column":18},"end":{"line":12,"column":34}},"5":{"start":{"line":14,"column":20},"end":{"line":14,"column":44}},"6":{"start":{"line":15,"column":28},"end":{"line":19,"column":40}},"7":{"start":{"line":21,"column":31},"end":{"line":25,"column":13}},"8":{"start":{"line":27,"column":19},"end":{"line":31,"column":6}},"9":{"start":{"line":33,"column":4},"end":{"line":39,"column":7}},"10":{"start":{"line":41,"column":4},"end":{"line":41,"column":74}}},"fnMap":{"0":{"name":"POST","decl":{"start":{"line":10,"column":22},"end":{"line":10,"column":26}},"loc":{"start":{"line":10,"column":39},"end":{"line":43,"column":1}}}},"branchMap":{"0":{"loc":{"start":{"line":15,"column":28},"end":{"line":19,"column":40}},"type":"cond-expr","locations":[{"start":{"line":16,"column":8},"end":{"line":16,"column":20}},{"start":{"line":17,"column":8},"end":{"line":19,"column":40}}]},"1":{"loc":{"start":{"line":17,"column":8},"end":{"line":19,"column":40}},"type":"cond-expr","locations":[{"start":{"line":18,"column":10},"end":{"line":18,"column":26}},{"start":{"line":19,"column":10},"end":{"line":19,"column":40}}]},"2":{"loc":{"start":{"line":21,"column":31},"end":{"line":25,"column":13}},"type":"cond-expr","locations":[{"start":{"line":22,"column":8},"end":{"line":22,"column":25}},{"start":{"line":23,"column":8},"end":{"line":25,"column":13}}]},"3":{"loc":{"start":{"line":23,"column":8},"end":{"line":25,"column":13}},"type":"cond-expr","locations":[{"start":{"line":24,"column":10},"end":{"line":24,"column":57}},{"start":{"line":25,"column":10},"end":{"line":25,"column":13}}]}},"s":{"0":1,"1":1,"2":1,"3":1,"4":1,"5":1,"6":1,"7":1,"8":1,"9":1,"10":0},"f":{"0":1},"b":{"0":[1,0],"1":[0,0],"2":[1,0],"3":[0,0]}}
,"/workspaces/KingShotBaby/lib/ai/hero.ts": {"path":"/workspaces/KingShotBaby/lib/ai/hero.ts","statementMap":{"0":{"start":{"line":101,"column":0},"end":{"line":101,"column":16}},"1":{"start":{"line":122,"column":0},"end":{"line":122,"column":16}},"2":{"start":{"line":130,"column":0},"end":{"line":130,"column":16}},"3":{"start":{"line":1,"column":0},"end":{"line":1,"column":54}},"4":{"start":{"line":14,"column":53},"end":{"line":19,"column":2}},"5":{"start":{"line":21,"column":45},"end":{"line":27,"column":2}},"6":{"start":{"line":30,"column":2},"end":{"line":30,"column":38}},"7":{"start":{"line":30,"column":29},"end":{"line":30,"column":38}},"8":{"start":{"line":31,"column":14},"end":{"line":31,"column":27}},"9":{"start":{"line":32,"column":2},"end":{"line":34,"column":3}},"10":{"start":{"line":33,"column":4},"end":{"line":33,"column":16}},"11":{"start":{"line":35,"column":2},"end":{"line":35,"column":15}},"12":{"start":{"line":39,"column":12},"end":{"line":39,"column":29}},"13":{"start":{"line":40,"column":2},"end":{"line":40,"column":50}},"14":{"start":{"line":40,"column":31},"end":{"line":40,"column":50}},"15":{"start":{"line":41,"column":2},"end":{"line":41,"column":64}},"16":{"start":{"line":41,"column":48},"end":{"line":41,"column":64}},"17":{"start":{"line":42,"column":2},"end":{"line":42,"column":94}},"18":{"start":{"line":42,"column":77},"end":{"line":42,"column":94}},"19":{"start":{"line":43,"column":2},"end":{"line":43,"column":68}},"20":{"start":{"line":43,"column":52},"end":{"line":43,"column":68}},"21":{"start":{"line":44,"column":2},"end":{"line":44,"column":14}},"22":{"start":{"line":48,"column":15},"end":{"line":48,"column":60}},"23":{"start":{"line":48,"column":44},"end":{"line":48,"column":59}},"24":{"start":{"line":49,"column":2},"end":{"line":49,"column":98}},"25":{"start":{"line":49,"column":26},"end":{"line":49,"column":96}},"26":{"start":{"line":56,"column":32},"end":{"line":56,"column":40}},"27":{"start":{"line":57,"column":18},"end":{"line":57,"column":19}},"28":{"start":{"line":59,"column":2},"end":{"line":69,"column":3}},"29":{"start":{"line":60,"column":4},"end":{"line":60,"column":44}},"30":{"start":{"line":60,"column":35},"end":{"line":60,"column":44}},"31":{"start":{"line":61,"column":17},"end":{"line":61,"column":36}},"32":{"start":{"line":62,"column":4},"end":{"line":62,"column":24}},"33":{"start":{"line":62,"column":15},"end":{"line":62,"column":24}},"34":{"start":{"line":64,"column":23},"end":{"line":64,"column":48}},"35":{"start":{"line":65,"column":4},"end":{"line":68,"column":5}},"36":{"start":{"line":66,"column":6},"end":{"line":66,"column":22}},"37":{"start":{"line":67,"column":6},"end":{"line":67,"column":29}},"38":{"start":{"line":71,"column":2},"end":{"line":71,"column":56}},"39":{"start":{"line":75,"column":2},"end":{"line":75,"column":75}},"40":{"start":{"line":75,"column":58},"end":{"line":75,"column":75}},"41":{"start":{"line":76,"column":2},"end":{"line":76,"column":13}},"42":{"start":{"line":80,"column":25},"end":{"line":80,"column":27}},"43":{"start":{"line":81,"column":20},"end":{"line":81,"column":34}},"44":{"start":{"line":82,"column":21},"end":{"line":82,"column":36}},"45":{"start":{"line":83,"column":17},"end":{"line":83,"column":45}},"46":{"start":{"line":85,"column":2},"end":{"line":87,"column":3}},"47":{"start":{"line":86,"column":4},"end":{"line":86,"column":39}},"48":{"start":{"line":88,"column":2},"end":{"line":90,"column":3}},"49":{"start":{"line":89,"column":4},"end":{"line":89,"column":35}},"50":{"start":{"line":91,"column":2},"end":{"line":91,"column":46}},"51":{"start":{"line":93,"column":2},"end":{"line":93,"column":35}},"52":{"start":{"line":97,"column":15},"end":{"line":97,"column":65}},"53":{"start":{"line":98,"column":2},"end":{"line":98,"column":55}},"54":{"start":{"line":102,"column":2},"end":{"line":119,"column":56}},"55":{"start":{"line":104,"column":23},"end":{"line":104,"column":81}},"56":{"start":{"line":105,"column":21},"end":{"line":105,"column":49}},"57":{"start":{"line":106,"column":40},"end":{"line":106,"column":66}},"58":{"start":{"line":107,"column":28},"end":{"line":107,"column":50}},"59":{"start":{"line":108,"column":26},"end":{"line":108,"column":48}},"60":{"start":{"line":110,"column":6},"end":{"line":117,"column":8}},"61":{"start":{"line":119,"column":22},"end":{"line":119,"column":54}},"62":{"start":{"line":123,"column":17},"end":{"line":123,"column":46}},"63":{"start":{"line":124,"column":22},"end":{"line":124,"column":85}},"64":{"start":{"line":125,"column":15},"end":{"line":125,"column":53}},"65":{"start":{"line":126,"column":25},"end":{"line":126,"column":64}},"66":{"start":{"line":127,"column":2},"end":{"line":127,"column":43}},"67":{"start":{"line":131,"column":21},"end":{"line":131,"column":50}},"68":{"start":{"line":132,"column":2},"end":{"line":132,"column":31}},"69":{"start":{"line":132,"column":19},"end":{"line":132,"column":31}},"70":{"start":{"line":134,"column":15},"end":{"line":134,"column":89}},"71":{"start":{"line":134,"column":49},"end":{"line":134,"column":88}},"72":{"start":{"line":135,"column":2},"end":{"line":135,"column":22}}},"fnMap":{"0":{"name":"normalizeStatValue","decl":{"start":{"line":29,"column":9},"end":{"line":29,"column":27}},"loc":{"start":{"line":29,"column":39},"end":{"line":36,"column":1}}},"1":{"name":"inferSkillType","decl":{"start":{"line":38,"column":9},"end":{"line":38,"column":23}},"loc":{"start":{"line":38,"column":35},"end":{"line":45,"column":1}}},"2":{"name":"inferChanceBased","decl":{"start":{"line":47,"column":9},"end":{"line":47,"column":25}},"loc":{"start":{"line":47,"column":55},"end":{"line":50,"column":1}}},"3":{"name":"(anonymous_4)","decl":{"start":{"line":48,"column":37},"end":{"line":48,"column":38}},"loc":{"start":{"line":48,"column":44},"end":{"line":48,"column":59}}},"4":{"name":"(anonymous_5)","decl":{"start":{"line":49,"column":19},"end":{"line":49,"column":20}},"loc":{"start":{"line":49,"column":26},"end":{"line":49,"column":96}}},"5":{"name":"extractDominantSkill","decl":{"start":{"line":52,"column":9},"end":{"line":52,"column":29}},"loc":{"start":{"line":52,"column":59},"end":{"line":72,"column":1}}},"6":{"name":"normalizeRarity","decl":{"start":{"line":74,"column":9},"end":{"line":74,"column":24}},"loc":{"start":{"line":74,"column":37},"end":{"line":77,"column":1}}},"7":{"name":"buildSynergyTags","decl":{"start":{"line":79,"column":9},"end":{"line":79,"column":25}},"loc":{"start":{"line":79,"column":55},"end":{"line":94,"column":1}}},"8":{"name":"getRawHeroes","decl":{"start":{"line":96,"column":9},"end":{"line":96,"column":21}},"loc":{"start":{"line":96,"column":21},"end":{"line":99,"column":1}}},"9":{"name":"extractHeroFeatures","decl":{"start":{"line":101,"column":16},"end":{"line":101,"column":35}},"loc":{"start":{"line":101,"column":35},"end":{"line":120,"column":1}}},"10":{"name":"(anonymous_11)","decl":{"start":{"line":103,"column":9},"end":{"line":103,"column":10}},"loc":{"start":{"line":103,"column":18},"end":{"line":118,"column":5}}},"11":{"name":"(anonymous_12)","decl":{"start":{"line":119,"column":12},"end":{"line":119,"column":13}},"loc":{"start":{"line":119,"column":22},"end":{"line":119,"column":54}}},"12":{"name":"scoreHeroFeature","decl":{"start":{"line":122,"column":16},"end":{"line":122,"column":32}},"loc":{"start":{"line":122,"column":50},"end":{"line":128,"column":1}}},"13":{"name":"getHeroFeatureByName","decl":{"start":{"line":130,"column":16},"end":{"line":130,"column":36}},"loc":{"start":{"line":130,"column":53},"end":{"line":136,"column":1}}},"14":{"name":"(anonymous_15)","decl":{"start":{"line":134,"column":42},"end":{"line":134,"column":43}},"loc":{"start":{"line":134,"column":49},"end":{"line":134,"column":88}}}},"branchMap":{"0":{"loc":{"start":{"line":30,"column":2},"end":{"line":30,"column":38}},"type":"if","locations":[{"start":{"line":30,"column":2},"end":{"line":30,"column":38}},{"start":{},"end":{}}]},"1":{"loc":{"start":{"line":40,"column":2},"end":{"line":40,"column":50}},"type":"if","locations":[{"start":{"line":40,"column":2},"end":{"line":40,"column":50}},{"start":{},"end":{}}]},"2":{"loc":{"start":{"line":41,"column":2},"end":{"line":41,"column":64}},"type":"if","locations":[{"start":{"line":41,"column":2},"end":{"line":41,"column":64}},{"start":{},"end":{}}]},"3":{"loc":{"start":{"line":41,"column":6},"end":{"line":41,"column":46}},"type":"binary-expr","locations":[{"start":{"line":41,"column":6},"end":{"line":41,"column":26}},{"start":{"line":41,"column":30},"end":{"line":41,"column":46}}]},"4":{"loc":{"start":{"line":42,"column":2},"end":{"line":42,"column":94}},"type":"if","locations":[{"start":{"line":42,"column":2},"end":{"line":42,"column":94}},{"start":{},"end":{}}]},"5":{"loc":{"start":{"line":42,"column":6},"end":{"line":42,"column":75}},"type":"binary-expr","locations":[{"start":{"line":42,"column":6},"end":{"line":42,"column":27}},{"start":{"line":42,"column":31},"end":{"line":42,"column":52}},{"start":{"line":42,"column":56},"end":{"line":42,"column":75}}]},"6":{"loc":{"start":{"line":43,"column":2},"end":{"line":43,"column":68}},"type":"if","locations":[{"start":{"line":43,"column":2},"end":{"line":43,"column":68}},{"start":{},"end":{}}]},"7":{"loc":{"start":{"line":43,"column":6},"end":{"line":43,"column":50}},"type":"binary-expr","locations":[{"start":{"line":43,"column":6},"end":{"line":43,"column":26}},{"start":{"line":43,"column":30},"end":{"line":43,"column":50}}]},"8":{"loc":{"start":{"line":49,"column":26},"end":{"line":49,"column":96}},"type":"binary-expr","locations":[{"start":{"line":49,"column":26},"end":{"line":49,"column":46}},{"start":{"line":49,"column":50},"end":{"line":49,"column":75}},{"start":{"line":49,"column":79},"end":{"line":49,"column":96}}]},"9":{"loc":{"start":{"line":60,"column":4},"end":{"line":60,"column":44}},"type":"if","locations":[{"start":{"line":60,"column":4},"end":{"line":60,"column":44}},{"start":{},"end":{}}]},"10":{"loc":{"start":{"line":62,"column":4},"end":{"line":62,"column":24}},"type":"if","locations":[{"start":{"line":62,"column":4},"end":{"line":62,"column":24}},{"start":{},"end":{}}]},"11":{"loc":{"start":{"line":65,"column":4},"end":{"line":68,"column":5}},"type":"if","locations":[{"start":{"line":65,"column":4},"end":{"line":68,"column":5}},{"start":{},"end":{}}]},"12":{"loc":{"start":{"line":75,"column":2},"end":{"line":75,"column":75}},"type":"if","locations":[{"start":{"line":75,"column":2},"end":{"line":75,"column":75}},{"start":{},"end":{}}]},"13":{"loc":{"start":{"line":75,"column":6},"end":{"line":75,"column":56}},"type":"binary-expr","locations":[{"start":{"line":75,"column":6},"end":{"line":75,"column":29}},{"start":{"line":75,"column":33},"end":{"line":75,"column":56}}]},"14":{"loc":{"start":{"line":85,"column":2},"end":{"line":87,"column":3}},"type":"if","locations":[{"start":{"line":85,"column":2},"end":{"line":87,"column":3}},{"start":{},"end":{}}]},"15":{"loc":{"start":{"line":85,"column":6},"end":{"line":85,"column":48}},"type":"binary-expr","locations":[{"start":{"line":85,"column":6},"end":{"line":85,"column":35}},{"start":{"line":85,"column":39},"end":{"line":85,"column":48}}]},"16":{"loc":{"start":{"line":88,"column":2},"end":{"line":90,"column":3}},"type":"if","locations":[{"start":{"line":88,"column":2},"end":{"line":90,"column":3}},{"start":{},"end":{}}]},"17":{"loc":{"start":{"line":88,"column":6},"end":{"line":88,"column":67}},"type":"binary-expr","locations":[{"start":{"line":88,"column":6},"end":{"line":88,"column":36}},{"start":{"line":88,"column":40},"end":{"line":88,"column":67}}]},"18":{"loc":{"start":{"line":98,"column":9},"end":{"line":98,"column":54}},"type":"cond-expr","locations":[{"start":{"line":98,"column":38},"end":{"line":98,"column":49}},{"start":{"line":98,"column":52},"end":{"line":98,"column":54}}]},"19":{"loc":{"start":{"line":104,"column":23},"end":{"line":104,"column":81}},"type":"cond-expr","locations":[{"start":{"line":104,"column":55},"end":{"line":104,"column":64}},{"start":{"line":104,"column":67},"end":{"line":104,"column":81}}]},"20":{"loc":{"start":{"line":124,"column":22},"end":{"line":124,"column":85}},"type":"cond-expr","locations":[{"start":{"line":124,"column":61},"end":{"line":124,"column":65}},{"start":{"line":124,"column":65},"end":{"line":124,"column":85}}]},"21":{"loc":{"start":{"line":124,"column":22},"end":{"line":124,"column":65}},"type":"binary-expr","locations":[{"start":{"line":124,"column":22},"end":{"line":124,"column":65}},{"start":{"line":124,"column":61},"end":{"line":124,"column":65}}]},"22":{"loc":{"start":{"line":126,"column":25},"end":{"line":126,"column":64}},"type":"cond-expr","locations":[{"start":{"line":126,"column":46},"end":{"line":126,"column":57}},{"start":{"line":126,"column":60},"end":{"line":126,"column":64}}]},"23":{"loc":{"start":{"line":132,"column":2},"end":{"line":132,"column":31}},"type":"if","locations":[{"start":{"line":132,"column":2},"end":{"line":132,"column":31}},{"start":{},"end":{}}]},"24":{"loc":{"start":{"line":135,"column":9},"end":{"line":135,"column":21}},"type":"cond-expr","locations":[{"start":{"line":135,"column":9},"end":{"line":135,"column":13}},{"start":{"line":135,"column":17},"end":{"line":135,"column":21}}]},"25":{"loc":{"start":{"line":135,"column":9},"end":{"line":135,"column":17}},"type":"binary-expr","locations":[{"start":{"line":135,"column":9},"end":{"line":135,"column":17}},{"start":{"line":135,"column":9},"end":{"line":135,"column":17}}]}},"s":{"0":3,"1":3,"2":3,"3":3,"4":3,"5":3,"6":3250,"7":0,"8":3250,"9":3250,"10":6513,"11":3250,"12":3588,"13":3588,"14":0,"15":3588,"16":468,"17":3120,"18":1066,"19":2054,"20":1716,"21":338,"22":468,"23":6422,"24":468,"25":6422,"26":468,"27":468,"28":468,"29":6422,"30":2834,"31":3588,"32":3588,"33":338,"34":3250,"35":3250,"36":936,"37":936,"38":468,"39":936,"40":0,"41":936,"42":468,"43":468,"44":468,"45":468,"46":468,"47":468,"48":468,"49":325,"50":468,"51":468,"52":13,"53":13,"54":13,"55":468,"56":468,"57":468,"58":468,"59":468,"60":468,"61":468,"62":46,"63":46,"64":46,"65":46,"66":46,"67":12,"68":12,"69":0,"70":12,"71":52,"72":12},"f":{"0":3250,"1":3588,"2":468,"3":6422,"4":6422,"5":468,"6":936,"7":468,"8":13,"9":13,"10":468,"11":468,"12":46,"13":12,"14":52},"b":{"0":[0,3250],"1":[0,3588],"2":[468,3120],"3":[3588,3120],"4":[1066,2054],"5":[3120,2054,2054],"6":[1716,338],"7":[2054,988],"8":[6422,6422,6422],"9":[2834,3588],"10":[338,3250],"11":[936,2314],"12":[0,936],"13":[936,936],"14":[468,0],"15":[468,468],"16":[325,143],"17":[468,325],"18":[13,0],"19":[468,0],"20":[46,0],"21":[46,46],"22":[0,46],"23":[0,12],"24":[12,0],"25":[12,12]}}
,"/workspaces/KingShotBaby/lib/ai/model.ts": {"path":"/workspaces/KingShotBaby/lib/ai/model.ts","statementMap":{"0":{"start":{"line":17,"column":0},"end":{"line":17,"column":16}},"1":{"start":{"line":23,"column":0},"end":{"line":23,"column":16}},"2":{"start":{"line":46,"column":0},"end":{"line":46,"column":16}},"3":{"start":{"line":1,"column":0},"end":{"line":1,"column":20}},"4":{"start":{"line":2,"column":0},"end":{"line":2,"column":24}},"5":{"start":{"line":18,"column":2},"end":{"line":18,"column":40}},"6":{"start":{"line":18,"column":31},"end":{"line":18,"column":40}},"7":{"start":{"line":19,"column":21},"end":{"line":19,"column":52}},"8":{"start":{"line":20,"column":2},"end":{"line":20,"column":46}},"9":{"start":{"line":24,"column":15},"end":{"line":24,"column":46}},"10":{"start":{"line":25,"column":13},"end":{"line":25,"column":42}},"11":{"start":{"line":26,"column":21},"end":{"line":26,"column":65}},"12":{"start":{"line":28,"column":2},"end":{"line":35,"column":3}},"13":{"start":{"line":29,"column":4},"end":{"line":34,"column":6}},"14":{"start":{"line":37,"column":21},"end":{"line":37,"column":42}},"15":{"start":{"line":38,"column":2},"end":{"line":43,"column":4}},"16":{"start":{"line":47,"column":2},"end":{"line":62,"column":3}},"17":{"start":{"line":48,"column":24},"end":{"line":48,"column":76}},"18":{"start":{"line":49,"column":16},"end":{"line":49,"column":52}},"19":{"start":{"line":50,"column":19},"end":{"line":50,"column":80}},"20":{"start":{"line":52,"column":4},"end":{"line":54,"column":5}},"21":{"start":{"line":53,"column":6},"end":{"line":53,"column":18}},"22":{"start":{"line":56,"column":4},"end":{"line":59,"column":6}},"23":{"start":{"line":61,"column":4},"end":{"line":61,"column":16}}},"fnMap":{"0":{"name":"normalizeScore","decl":{"start":{"line":17,"column":16},"end":{"line":17,"column":30}},"loc":{"start":{"line":17,"column":44},"end":{"line":21,"column":1}}},"1":{"name":"calculateHybridScore","decl":{"start":{"line":23,"column":16},"end":{"line":23,"column":36}},"loc":{"start":{"line":23,"column":60},"end":{"line":44,"column":1}}},"2":{"name":"readLatestModelMetrics","decl":{"start":{"line":46,"column":16},"end":{"line":46,"column":38}},"loc":{"start":{"line":46,"column":38},"end":{"line":63,"column":1}}}},"branchMap":{"0":{"loc":{"start":{"line":18,"column":2},"end":{"line":18,"column":40}},"type":"if","locations":[{"start":{"line":18,"column":2},"end":{"line":18,"column":40}},{"start":{},"end":{}}]},"1":{"loc":{"start":{"line":19,"column":21},"end":{"line":19,"column":52}},"type":"cond-expr","locations":[{"start":{"line":19,"column":33},"end":{"line":19,"column":44}},{"start":{"line":19,"column":47},"end":{"line":19,"column":52}}]},"2":{"loc":{"start":{"line":28,"column":2},"end":{"line":35,"column":3}},"type":"if","locations":[{"start":{"line":28,"column":2},"end":{"line":35,"column":3}},{"start":{},"end":{}}]},"3":{"loc":{"start":{"line":52,"column":4},"end":{"line":54,"column":5}},"type":"if","locations":[{"start":{"line":52,"column":4},"end":{"line":54,"column":5}},{"start":{},"end":{}}]},"4":{"loc":{"start":{"line":52,"column":8},"end":{"line":52,"column":84}},"type":"binary-expr","locations":[{"start":{"line":52,"column":8},"end":{"line":52,"column":43}},{"start":{"line":52,"column":47},"end":{"line":52,"column":84}}]}},"s":{"0":2,"1":2,"2":2,"3":2,"4":2,"5":6,"6":0,"7":6,"8":6,"9":3,"10":3,"11":3,"12":3,"13":1,"14":2,"15":2,"16":1,"17":1,"18":1,"19":1,"20":1,"21":0,"22":1,"23":0},"f":{"0":6,"1":3,"2":1},"b":{"0":[0,6],"1":[0,6],"2":[1,2],"3":[0,1],"4":[1,1]}}
,"/workspaces/KingShotBaby/lib/ai/recommender.ts": {"path":"/workspaces/KingShotBaby/lib/ai/recommender.ts","statementMap":{"0":{"start":{"line":65,"column":0},"end":{"line":65,"column":16}},"1":{"start":{"line":1,"column":0},"end":{"line":1,"column":99}},"2":{"start":{"line":18,"column":54},"end":{"line":23,"column":2}},"3":{"start":{"line":26,"column":20},"end":{"line":26,"column":42}},"4":{"start":{"line":27,"column":25},"end":{"line":27,"column":68}},"5":{"start":{"line":28,"column":2},"end":{"line":28,"column":36}},"6":{"start":{"line":32,"column":66},"end":{"line":32,"column":68}},"7":{"start":{"line":33,"column":14},"end":{"line":33,"column":15}},"8":{"start":{"line":35,"column":2},"end":{"line":46,"column":3}},"9":{"start":{"line":36,"column":17},"end":{"line":36,"column":31}},"10":{"start":{"line":37,"column":23},"end":{"line":37,"column":49}},"11":{"start":{"line":38,"column":4},"end":{"line":38,"column":43}},"12":{"start":{"line":40,"column":4},"end":{"line":40,"column":63}},"13":{"start":{"line":43,"column":4},"end":{"line":45,"column":5}},"14":{"start":{"line":44,"column":6},"end":{"line":44,"column":18}},"15":{"start":{"line":48,"column":22},"end":{"line":48,"column":66}},"16":{"start":{"line":48,"column":48},"end":{"line":48,"column":59}},"17":{"start":{"line":49,"column":2},"end":{"line":49,"column":27}},"18":{"start":{"line":51,"column":2},"end":{"line":51,"column":34}},"19":{"start":{"line":55,"column":22},"end":{"line":55,"column":85}},"20":{"start":{"line":55,"column":68},"end":{"line":55,"column":82}},"21":{"start":{"line":56,"column":18},"end":{"line":56,"column":83}},"22":{"start":{"line":56,"column":45},"end":{"line":56,"column":82}},"23":{"start":{"line":58,"column":2},"end":{"line":62,"column":14}},"24":{"start":{"line":66,"column":2},"end":{"line":66,"column":41}},"25":{"start":{"line":66,"column":29},"end":{"line":66,"column":41}},"26":{"start":{"line":68,"column":19},"end":{"line":74,"column":111}},"27":{"start":{"line":70,"column":19},"end":{"line":70,"column":59}},"28":{"start":{"line":71,"column":6},"end":{"line":71,"column":29}},"29":{"start":{"line":71,"column":17},"end":{"line":71,"column":29}},"30":{"start":{"line":72,"column":6},"end":{"line":72,"column":79}},"31":{"start":{"line":74,"column":97},"end":{"line":74,"column":110}},"32":{"start":{"line":76,"column":2},"end":{"line":76,"column":39}},"33":{"start":{"line":76,"column":27},"end":{"line":76,"column":39}},"34":{"start":{"line":78,"column":17},"end":{"line":78,"column":73}},"35":{"start":{"line":78,"column":46},"end":{"line":78,"column":69}},"36":{"start":{"line":79,"column":21},"end":{"line":79,"column":101}},"37":{"start":{"line":79,"column":47},"end":{"line":79,"column":100}},"38":{"start":{"line":81,"column":20},"end":{"line":81,"column":42}},"39":{"start":{"line":82,"column":18},"end":{"line":82,"column":42}},"40":{"start":{"line":85,"column":2},"end":{"line":98,"column":3}},"41":{"start":{"line":85,"column":15},"end":{"line":85,"column":16}},"42":{"start":{"line":86,"column":4},"end":{"line":97,"column":5}},"43":{"start":{"line":86,"column":17},"end":{"line":86,"column":22}},"44":{"start":{"line":87,"column":6},"end":{"line":96,"column":7}},"45":{"start":{"line":87,"column":19},"end":{"line":87,"column":24}},"46":{"start":{"line":88,"column":8},"end":{"line":95,"column":9}},"47":{"start":{"line":88,"column":21},"end":{"line":88,"column":26}},"48":{"start":{"line":89,"column":22},"end":{"line":89,"column":82}},"49":{"start":{"line":90,"column":24},"end":{"line":90,"column":62}},"50":{"start":{"line":90,"column":54},"end":{"line":90,"column":60}},"51":{"start":{"line":91,"column":10},"end":{"line":94,"column":11}},"52":{"start":{"line":92,"column":12},"end":{"line":92,"column":30}},"53":{"start":{"line":93,"column":12},"end":{"line":93,"column":30}},"54":{"start":{"line":100,"column":21},"end":{"line":100,"column":92}},"55":{"start":{"line":100,"column":55},"end":{"line":100,"column":88}},"56":{"start":{"line":101,"column":20},"end":{"line":101,"column":83}},"57":{"start":{"line":102,"column":23},"end":{"line":102,"column":97}},"58":{"start":{"line":104,"column":2},"end":{"line":110,"column":4}},"59":{"start":{"line":106,"column":39},"end":{"line":106,"column":53}},"60":{"start":{"line":109,"column":69},"end":{"line":109,"column":78}}},"fnMap":{"0":{"name":"candidateStrength","decl":{"start":{"line":25,"column":9},"end":{"line":25,"column":26}},"loc":{"start":{"line":25,"column":70},"end":{"line":29,"column":1}}},"1":{"name":"scoreJoinerSet","decl":{"start":{"line":31,"column":9},"end":{"line":31,"column":23}},"loc":{"start":{"line":31,"column":45},"end":{"line":52,"column":1}}},"2":{"name":"(anonymous_2)","decl":{"start":{"line":48,"column":41},"end":{"line":48,"column":42}},"loc":{"start":{"line":48,"column":48},"end":{"line":48,"column":59}}},"3":{"name":"buildReasoning","decl":{"start":{"line":54,"column":9},"end":{"line":54,"column":23}},"loc":{"start":{"line":54,"column":76},"end":{"line":63,"column":1}}},"4":{"name":"(anonymous_4)","decl":{"start":{"line":55,"column":58},"end":{"line":55,"column":59}},"loc":{"start":{"line":55,"column":68},"end":{"line":55,"column":82}}},"5":{"name":"(anonymous_5)","decl":{"start":{"line":56,"column":35},"end":{"line":56,"column":36}},"loc":{"start":{"line":56,"column":45},"end":{"line":56,"column":82}}},"6":{"name":"recommendBearTeam","decl":{"start":{"line":65,"column":16},"end":{"line":65,"column":33}},"loc":{"start":{"line":65,"column":61},"end":{"line":111,"column":1}}},"7":{"name":"(anonymous_7)","decl":{"start":{"line":69,"column":9},"end":{"line":69,"column":10}},"loc":{"start":{"line":69,"column":23},"end":{"line":73,"column":5}}},"8":{"name":"(anonymous_8)","decl":{"start":{"line":74,"column":12},"end":{"line":74,"column":13}},"loc":{"start":{"line":74,"column":97},"end":{"line":74,"column":110}}},"9":{"name":"(anonymous_9)","decl":{"start":{"line":78,"column":36},"end":{"line":78,"column":37}},"loc":{"start":{"line":78,"column":46},"end":{"line":78,"column":69}}},"10":{"name":"(anonymous_10)","decl":{"start":{"line":79,"column":37},"end":{"line":79,"column":38}},"loc":{"start":{"line":79,"column":47},"end":{"line":79,"column":100}}},"11":{"name":"(anonymous_11)","decl":{"start":{"line":90,"column":47},"end":{"line":90,"column":48}},"loc":{"start":{"line":90,"column":54},"end":{"line":90,"column":60}}},"12":{"name":"(anonymous_12)","decl":{"start":{"line":100,"column":40},"end":{"line":100,"column":41}},"loc":{"start":{"line":100,"column":55},"end":{"line":100,"column":88}}},"13":{"name":"(anonymous_13)","decl":{"start":{"line":106,"column":29},"end":{"line":106,"column":30}},"loc":{"start":{"line":106,"column":39},"end":{"line":106,"column":53}}},"14":{"name":"(anonymous_14)","decl":{"start":{"line":109,"column":59},"end":{"line":109,"column":60}},"loc":{"start":{"line":109,"column":69},"end":{"line":109,"column":78}}}},"branchMap":{"0":{"loc":{"start":{"line":37,"column":23},"end":{"line":37,"column":49}},"type":"cond-expr","locations":[{"start":{"line":37,"column":44},"end":{"line":37,"column":48}},{"start":{"line":37,"column":48},"end":{"line":37,"column":49}}]},"1":{"loc":{"start":{"line":37,"column":23},"end":{"line":37,"column":48}},"type":"binary-expr","locations":[{"start":{"line":37,"column":23},"end":{"line":37,"column":48}},{"start":{"line":37,"column":44},"end":{"line":37,"column":48}}]},"2":{"loc":{"start":{"line":43,"column":4},"end":{"line":45,"column":5}},"type":"if","locations":[{"start":{"line":43,"column":4},"end":{"line":45,"column":5}},{"start":{},"end":{}}]},"3":{"loc":{"start":{"line":66,"column":2},"end":{"line":66,"column":41}},"type":"if","locations":[{"start":{"line":66,"column":2},"end":{"line":66,"column":41}},{"start":{},"end":{}}]},"4":{"loc":{"start":{"line":71,"column":6},"end":{"line":71,"column":29}},"type":"if","locations":[{"start":{"line":71,"column":6},"end":{"line":71,"column":29}},{"start":{},"end":{}}]},"5":{"loc":{"start":{"line":76,"column":2},"end":{"line":76,"column":39}},"type":"if","locations":[{"start":{"line":76,"column":2},"end":{"line":76,"column":39}},{"start":{},"end":{}}]},"6":{"loc":{"start":{"line":91,"column":10},"end":{"line":94,"column":11}},"type":"if","locations":[{"start":{"line":91,"column":10},"end":{"line":94,"column":11}},{"start":{},"end":{}}]}},"s":{"0":2,"1":2,"2":2,"3":11,"4":11,"5":11,"6":6,"7":6,"8":6,"9":24,"10":24,"11":24,"12":24,"13":24,"14":7,"15":6,"16":24,"17":6,"18":6,"19":2,"20":8,"21":2,"22":4,"23":2,"24":3,"25":1,"26":2,"27":11,"28":11,"29":0,"30":11,"31":11,"32":2,"33":0,"34":2,"35":19,"36":2,"37":11,"38":2,"39":2,"40":2,"41":2,"42":9,"43":9,"44":16,"45":16,"46":14,"47":14,"48":6,"49":6,"50":24,"51":6,"52":2,"53":2,"54":2,"55":8,"56":2,"57":2,"58":2,"59":8,"60":8},"f":{"0":11,"1":6,"2":24,"3":2,"4":8,"5":4,"6":3,"7":11,"8":11,"9":19,"10":11,"11":24,"12":8,"13":8,"14":8},"b":{"0":[7,17],"1":[24,24],"2":[7,17],"3":[1,2],"4":[0,11],"5":[0,2],"6":[2,4]}}
,"/workspaces/KingShotBaby/lib/calculators/damage.ts": {"path":"/workspaces/KingShotBaby/lib/calculators/damage.ts","statementMap":{"0":{"start":{"line":8,"column":0},"end":{"line":8,"column":16}},"1":{"start":{"line":47,"column":0},"end":{"line":47,"column":16}},"2":{"start":{"line":81,"column":0},"end":{"line":81,"column":16}},"3":{"start":{"line":6,"column":13},"end":{"line":6,"column":28}},"4":{"start":{"line":19,"column":6},"end":{"line":19,"column":11}},"5":{"start":{"line":22,"column":20},"end":{"line":22,"column":128}},"6":{"start":{"line":27,"column":22},"end":{"line":27,"column":119}},"7":{"start":{"line":29,"column":28},"end":{"line":29,"column":29}},"8":{"start":{"line":30,"column":2},"end":{"line":32,"column":3}},"9":{"start":{"line":31,"column":4},"end":{"line":31,"column":50}},"10":{"start":{"line":34,"column":16},"end":{"line":34,"column":25}},"11":{"start":{"line":35,"column":2},"end":{"line":37,"column":3}},"12":{"start":{"line":36,"column":4},"end":{"line":36,"column":82}},"13":{"start":{"line":39,"column":2},"end":{"line":44,"column":4}},"14":{"start":{"line":48,"column":25},"end":{"line":48,"column":64}},"15":{"start":{"line":49,"column":20},"end":{"line":49,"column":22}},"16":{"start":{"line":51,"column":2},"end":{"line":72,"column":3}},"17":{"start":{"line":53,"column":6},"end":{"line":53,"column":71}},"18":{"start":{"line":54,"column":6},"end":{"line":54,"column":159}},"19":{"start":{"line":55,"column":6},"end":{"line":55,"column":12}},"20":{"start":{"line":57,"column":6},"end":{"line":57,"column":73}},"21":{"start":{"line":58,"column":6},"end":{"line":58,"column":140}},"22":{"start":{"line":59,"column":6},"end":{"line":59,"column":12}},"23":{"start":{"line":61,"column":6},"end":{"line":61,"column":71}},"24":{"start":{"line":62,"column":6},"end":{"line":62,"column":139}},"25":{"start":{"line":63,"column":6},"end":{"line":63,"column":12}},"26":{"start":{"line":65,"column":6},"end":{"line":65,"column":71}},"27":{"start":{"line":66,"column":6},"end":{"line":66,"column":143}},"28":{"start":{"line":67,"column":6},"end":{"line":67,"column":12}},"29":{"start":{"line":69,"column":6},"end":{"line":69,"column":71}},"30":{"start":{"line":70,"column":6},"end":{"line":70,"column":107}},"31":{"start":{"line":71,"column":6},"end":{"line":71,"column":12}},"32":{"start":{"line":74,"column":2},"end":{"line":78,"column":4}},"33":{"start":{"line":86,"column":15},"end":{"line":86,"column":23}},"34":{"start":{"line":87,"column":15},"end":{"line":87,"column":16}},"35":{"start":{"line":88,"column":17},"end":{"line":88,"column":18}},"36":{"start":{"line":90,"column":2},"end":{"line":110,"column":3}},"37":{"start":{"line":90,"column":15},"end":{"line":90,"column":16}},"38":{"start":{"line":92,"column":28},"end":{"line":92,"column":56}},"39":{"start":{"line":94,"column":4},"end":{"line":102,"column":7}},"40":{"start":{"line":95,"column":19},"end":{"line":95,"column":32}},"41":{"start":{"line":96,"column":6},"end":{"line":101,"column":7}},"42":{"start":{"line":100,"column":8},"end":{"line":100,"column":55}},"43":{"start":{"line":104,"column":24},"end":{"line":104,"column":82}},"44":{"start":{"line":105,"column":19},"end":{"line":105,"column":50}},"45":{"start":{"line":107,"column":4},"end":{"line":107,"column":81}},"46":{"start":{"line":107,"column":45},"end":{"line":107,"column":81}},"47":{"start":{"line":108,"column":4},"end":{"line":108,"column":81}},"48":{"start":{"line":108,"column":45},"end":{"line":108,"column":81}},"49":{"start":{"line":109,"column":4},"end":{"line":109,"column":43}},"50":{"start":{"line":112,"column":2},"end":{"line":116,"column":4}}},"fnMap":{"0":{"name":"calculateDamage","decl":{"start":{"line":8,"column":16},"end":{"line":8,"column":31}},"loc":{"start":{"line":8,"column":50},"end":{"line":45,"column":1}}},"1":{"name":"recommendFormation","decl":{"start":{"line":47,"column":16},"end":{"line":47,"column":34}},"loc":{"start":{"line":47,"column":71},"end":{"line":79,"column":1}}},"2":{"name":"simulatePRNGDamage","decl":{"start":{"line":81,"column":16},"end":{"line":81,"column":34}},"loc":{"start":{"line":84,"column":27},"end":{"line":117,"column":1}}},"3":{"name":"(anonymous_3)","decl":{"start":{"line":94,"column":25},"end":{"line":94,"column":30}},"loc":{"start":{"line":94,"column":33},"end":{"line":102,"column":5}}}},"branchMap":{"0":{"loc":{"start":{"line":30,"column":2},"end":{"line":32,"column":3}},"type":"if","locations":[{"start":{"line":30,"column":2},"end":{"line":32,"column":3}},{"start":{},"end":{}}]},"1":{"loc":{"start":{"line":35,"column":2},"end":{"line":37,"column":3}},"type":"if","locations":[{"start":{"line":35,"column":2},"end":{"line":37,"column":3}},{"start":{},"end":{}}]},"2":{"loc":{"start":{"line":51,"column":2},"end":{"line":72,"column":3}},"type":"switch","locations":[{"start":{"line":52,"column":4},"end":{"line":55,"column":12}},{"start":{"line":56,"column":4},"end":{"line":59,"column":12}},{"start":{"line":60,"column":4},"end":{"line":63,"column":12}},{"start":{"line":64,"column":4},"end":{"line":67,"column":12}},{"start":{"line":68,"column":4},"end":{"line":71,"column":12}}]},"3":{"loc":{"start":{"line":84,"column":2},"end":{"line":84,"column":27}},"type":"default-arg","locations":[{"start":{"line":84,"column":23},"end":{"line":84,"column":27}}]},"4":{"loc":{"start":{"line":96,"column":6},"end":{"line":101,"column":7}},"type":"if","locations":[{"start":{"line":96,"column":6},"end":{"line":101,"column":7}},{"start":{},"end":{}}]},"5":{"loc":{"start":{"line":96,"column":10},"end":{"line":96,"column":68}},"type":"binary-expr","locations":[{"start":{"line":96,"column":10},"end":{"line":96,"column":33}},{"start":{"line":96,"column":37},"end":{"line":96,"column":68}}]},"6":{"loc":{"start":{"line":107,"column":4},"end":{"line":107,"column":81}},"type":"if","locations":[{"start":{"line":107,"column":4},"end":{"line":107,"column":81}},{"start":{},"end":{}}]},"7":{"loc":{"start":{"line":108,"column":4},"end":{"line":108,"column":81}},"type":"if","locations":[{"start":{"line":108,"column":4},"end":{"line":108,"column":81}},{"start":{},"end":{}}]}},"s":{"0":3,"1":3,"2":3,"3":3,"4":8,"5":8,"6":8,"7":8,"8":8,"9":8,"10":8,"11":8,"12":1,"13":8,"14":6,"15":6,"16":6,"17":2,"18":2,"19":2,"20":1,"21":1,"22":1,"23":1,"24":1,"25":1,"26":1,"27":1,"28":1,"29":1,"30":1,"31":1,"32":6,"33":1,"34":1,"35":1,"36":1,"37":1,"38":5,"39":5,"40":5,"41":5,"42":5,"43":5,"44":5,"45":5,"46":1,"47":5,"48":1,"49":5,"50":1},"f":{"0":8,"1":6,"2":1,"3":5},"b":{"0":[8,0],"1":[1,7],"2":[2,1,1,1,1],"3":[0],"4":[5,0],"5":[5,5],"6":[1,4],"7":[1,4]}}
,"/workspaces/KingShotBaby/lib/calculators/economic.ts": {"path":"/workspaces/KingShotBaby/lib/calculators/economic.ts","statementMap":{"0":{"start":{"line":19,"column":0},"end":{"line":19,"column":16}},"1":{"start":{"line":40,"column":0},"end":{"line":40,"column":16}},"2":{"start":{"line":63,"column":0},"end":{"line":63,"column":16}},"3":{"start":{"line":12,"column":47},"end":{"line":17,"column":2}},"4":{"start":{"line":22,"column":30},"end":{"line":22,"column":34}},"5":{"start":{"line":23,"column":38},"end":{"line":23,"column":39}},"6":{"start":{"line":26,"column":2},"end":{"line":28,"column":3}},"7":{"start":{"line":27,"column":4},"end":{"line":27,"column":41}},"8":{"start":{"line":31,"column":35},"end":{"line":31,"column":120}},"9":{"start":{"line":33,"column":2},"end":{"line":37,"column":4}},"10":{"start":{"line":41,"column":26},"end":{"line":41,"column":60}},"11":{"start":{"line":42,"column":27},"end":{"line":42,"column":62}},"12":{"start":{"line":43,"column":29},"end":{"line":43,"column":66}},"13":{"start":{"line":44,"column":36},"end":{"line":44,"column":85}},"14":{"start":{"line":47,"column":38},"end":{"line":47,"column":72}},"15":{"start":{"line":51,"column":27},"end":{"line":51,"column":107}},"16":{"start":{"line":54,"column":4},"end":{"line":54,"column":79}},"17":{"start":{"line":56,"column":2},"end":{"line":60,"column":4}},"18":{"start":{"line":64,"column":39},"end":{"line":64,"column":41}},"19":{"start":{"line":65,"column":30},"end":{"line":65,"column":39}},"20":{"start":{"line":68,"column":2},"end":{"line":70,"column":3}},"21":{"start":{"line":69,"column":4},"end":{"line":69,"column":149}},"22":{"start":{"line":72,"column":2},"end":{"line":74,"column":3}},"23":{"start":{"line":73,"column":4},"end":{"line":73,"column":144}},"24":{"start":{"line":76,"column":2},"end":{"line":78,"column":3}},"25":{"start":{"line":77,"column":4},"end":{"line":77,"column":120}},"26":{"start":{"line":80,"column":2},"end":{"line":82,"column":3}},"27":{"start":{"line":81,"column":4},"end":{"line":81,"column":108}},"28":{"start":{"line":84,"column":2},"end":{"line":87,"column":4}}},"fnMap":{"0":{"name":"calculateTruegoldCost","decl":{"start":{"line":19,"column":16},"end":{"line":19,"column":37}},"loc":{"start":{"line":19,"column":62},"end":{"line":38,"column":1}}},"1":{"name":"calculateBatchHeal","decl":{"start":{"line":40,"column":16},"end":{"line":40,"column":34}},"loc":{"start":{"line":40,"column":56},"end":{"line":61,"column":1}}},"2":{"name":"calculateMasterAcademy","decl":{"start":{"line":63,"column":16},"end":{"line":63,"column":38}},"loc":{"start":{"line":63,"column":64},"end":{"line":88,"column":1}}}},"branchMap":{"0":{"loc":{"start":{"line":26,"column":2},"end":{"line":28,"column":3}},"type":"if","locations":[{"start":{"line":26,"column":2},"end":{"line":28,"column":3}},{"start":{},"end":{}}]},"1":{"loc":{"start":{"line":26,"column":6},"end":{"line":26,"column":92}},"type":"binary-expr","locations":[{"start":{"line":26,"column":6},"end":{"line":26,"column":38}},{"start":{"line":26,"column":42},"end":{"line":26,"column":92}}]},"2":{"loc":{"start":{"line":31,"column":35},"end":{"line":31,"column":120}},"type":"cond-expr","locations":[{"start":{"line":31,"column":71},"end":{"line":31,"column":116}},{"start":{"line":31,"column":119},"end":{"line":31,"column":120}}]},"3":{"loc":{"start":{"line":54,"column":4},"end":{"line":54,"column":79}},"type":"cond-expr","locations":[{"start":{"line":54,"column":27},"end":{"line":54,"column":75}},{"start":{"line":54,"column":78},"end":{"line":54,"column":79}}]},"4":{"loc":{"start":{"line":68,"column":2},"end":{"line":70,"column":3}},"type":"if","locations":[{"start":{"line":68,"column":2},"end":{"line":70,"column":3}},{"start":{},"end":{}}]},"5":{"loc":{"start":{"line":72,"column":2},"end":{"line":74,"column":3}},"type":"if","locations":[{"start":{"line":72,"column":2},"end":{"line":74,"column":3}},{"start":{},"end":{}}]},"6":{"loc":{"start":{"line":76,"column":2},"end":{"line":78,"column":3}},"type":"if","locations":[{"start":{"line":76,"column":2},"end":{"line":78,"column":3}},{"start":{},"end":{}}]},"7":{"loc":{"start":{"line":80,"column":2},"end":{"line":82,"column":3}},"type":"if","locations":[{"start":{"line":80,"column":2},"end":{"line":82,"column":3}},{"start":{},"end":{}}]}},"s":{"0":3,"1":3,"2":3,"3":3,"4":1,"5":1,"6":1,"7":1,"8":1,"9":1,"10":2,"11":2,"12":2,"13":2,"14":2,"15":2,"16":2,"17":2,"18":2,"19":2,"20":2,"21":1,"22":2,"23":1,"24":2,"25":1,"26":2,"27":1,"28":2},"f":{"0":1,"1":2,"2":2},"b":{"0":[1,0],"1":[1,1],"2":[1,0],"3":[2,0],"4":[1,1],"5":[1,1],"6":[1,1],"7":[1,1]}}
,"/workspaces/KingShotBaby/lib/calculators/rally.ts": {"path":"/workspaces/KingShotBaby/lib/calculators/rally.ts","statementMap":{"0":{"start":{"line":5,"column":0},"end":{"line":5,"column":16}},"1":{"start":{"line":3,"column":0},"end":{"line":3,"column":57}},"2":{"start":{"line":6,"column":29},"end":{"line":6,"column":31}},"3":{"start":{"line":9,"column":24},"end":{"line":9,"column":25}},"4":{"start":{"line":10,"column":2},"end":{"line":12,"column":5}},"5":{"start":{"line":11,"column":4},"end":{"line":11,"column":48}},"6":{"start":{"line":15,"column":22},"end":{"line":15,"column":73}},"7":{"start":{"line":18,"column":36},"end":{"line":18,"column":75}},"8":{"start":{"line":18,"column":59},"end":{"line":18,"column":74}},"9":{"start":{"line":21,"column":28},"end":{"line":28,"column":4}},"10":{"start":{"line":23,"column":4},"end":{"line":26,"column":5}},"11":{"start":{"line":24,"column":6},"end":{"line":24,"column":119}},"12":{"start":{"line":25,"column":6},"end":{"line":25,"column":18}},"13":{"start":{"line":27,"column":4},"end":{"line":27,"column":16}},"14":{"start":{"line":32,"column":2},"end":{"line":32,"column":64}},"15":{"start":{"line":32,"column":35},"end":{"line":32,"column":62}},"16":{"start":{"line":35,"column":30},"end":{"line":35,"column":59}},"17":{"start":{"line":36,"column":23},"end":{"line":36,"column":49}},"18":{"start":{"line":38,"column":2},"end":{"line":40,"column":3}},"19":{"start":{"line":39,"column":4},"end":{"line":39,"column":97}},"20":{"start":{"line":43,"column":25},"end":{"line":43,"column":42}},"21":{"start":{"line":44,"column":2},"end":{"line":52,"column":5}},"22":{"start":{"line":45,"column":4},"end":{"line":51,"column":5}},"23":{"start":{"line":46,"column":6},"end":{"line":50,"column":7}},"24":{"start":{"line":47,"column":8},"end":{"line":47,"column":129}},"25":{"start":{"line":49,"column":8},"end":{"line":49,"column":43}},"26":{"start":{"line":55,"column":27},"end":{"line":55,"column":79}},"27":{"start":{"line":58,"column":49},"end":{"line":58,"column":51}},"28":{"start":{"line":59,"column":2},"end":{"line":61,"column":5}},"29":{"start":{"line":60,"column":4},"end":{"line":60,"column":79}},"30":{"start":{"line":63,"column":2},"end":{"line":67,"column":5}},"31":{"start":{"line":64,"column":4},"end":{"line":66,"column":5}},"32":{"start":{"line":65,"column":6},"end":{"line":65,"column":150}},"33":{"start":{"line":69,"column":34},"end":{"line":69,"column":79}},"34":{"start":{"line":71,"column":2},"end":{"line":77,"column":4}}},"fnMap":{"0":{"name":"analyzeRally","decl":{"start":{"line":5,"column":16},"end":{"line":5,"column":28}},"loc":{"start":{"line":5,"column":46},"end":{"line":78,"column":1}}},"1":{"name":"(anonymous_1)","decl":{"start":{"line":10,"column":24},"end":{"line":10,"column":30}},"loc":{"start":{"line":10,"column":33},"end":{"line":12,"column":3}}},"2":{"name":"(anonymous_2)","decl":{"start":{"line":18,"column":54},"end":{"line":18,"column":55}},"loc":{"start":{"line":18,"column":59},"end":{"line":18,"column":74}}},"3":{"name":"(anonymous_3)","decl":{"start":{"line":21,"column":48},"end":{"line":21,"column":53}},"loc":{"start":{"line":21,"column":56},"end":{"line":28,"column":3}}},"4":{"name":"(anonymous_4)","decl":{"start":{"line":32,"column":25},"end":{"line":32,"column":26}},"loc":{"start":{"line":32,"column":35},"end":{"line":32,"column":62}}},"5":{"name":"(anonymous_5)","decl":{"start":{"line":44,"column":30},"end":{"line":44,"column":35}},"loc":{"start":{"line":44,"column":38},"end":{"line":52,"column":3}}},"6":{"name":"(anonymous_6)","decl":{"start":{"line":59,"column":30},"end":{"line":59,"column":35}},"loc":{"start":{"line":59,"column":38},"end":{"line":61,"column":3}}},"7":{"name":"(anonymous_7)","decl":{"start":{"line":63,"column":38},"end":{"line":63,"column":40}},"loc":{"start":{"line":63,"column":43},"end":{"line":67,"column":3}}}},"branchMap":{"0":{"loc":{"start":{"line":23,"column":4},"end":{"line":26,"column":5}},"type":"if","locations":[{"start":{"line":23,"column":4},"end":{"line":26,"column":5}},{"start":{},"end":{}}]},"1":{"loc":{"start":{"line":23,"column":8},"end":{"line":23,"column":80}},"type":"binary-expr","locations":[{"start":{"line":23,"column":8},"end":{"line":23,"column":51}},{"start":{"line":23,"column":55},"end":{"line":23,"column":80}}]},"2":{"loc":{"start":{"line":38,"column":2},"end":{"line":40,"column":3}},"type":"if","locations":[{"start":{"line":38,"column":2},"end":{"line":40,"column":3}},{"start":{},"end":{}}]},"3":{"loc":{"start":{"line":45,"column":4},"end":{"line":51,"column":5}},"type":"if","locations":[{"start":{"line":45,"column":4},"end":{"line":51,"column":5}},{"start":{},"end":{}}]},"4":{"loc":{"start":{"line":46,"column":6},"end":{"line":50,"column":7}},"type":"if","locations":[{"start":{"line":46,"column":6},"end":{"line":50,"column":7}},{"start":{"line":48,"column":13},"end":{"line":50,"column":7}}]},"5":{"loc":{"start":{"line":60,"column":38},"end":{"line":60,"column":73}},"type":"binary-expr","locations":[{"start":{"line":60,"column":38},"end":{"line":60,"column":68}},{"start":{"line":60,"column":72},"end":{"line":60,"column":73}}]},"6":{"loc":{"start":{"line":64,"column":4},"end":{"line":66,"column":5}},"type":"if","locations":[{"start":{"line":64,"column":4},"end":{"line":66,"column":5}},{"start":{},"end":{}}]}},"s":{"0":2,"1":2,"2":2,"3":2,"4":2,"5":1,"6":2,"7":2,"8":1,"9":2,"10":1,"11":1,"12":1,"13":0,"14":2,"15":0,"16":2,"17":2,"18":2,"19":0,"20":2,"21":2,"22":1,"23":0,"24":0,"25":0,"26":2,"27":2,"28":2,"29":1,"30":2,"31":1,"32":0,"33":2,"34":2},"f":{"0":2,"1":1,"2":1,"3":1,"4":0,"5":1,"6":1,"7":1},"b":{"0":[1,0],"1":[1,0],"2":[0,2],"3":[0,1],"4":[0,0],"5":[1,1],"6":[0,1]}}
,"/workspaces/KingShotBaby/lib/calculators/skillmod.ts": {"path":"/workspaces/KingShotBaby/lib/calculators/skillmod.ts","statementMap":{"0":{"start":{"line":3,"column":0},"end":{"line":3,"column":16}},"1":{"start":{"line":4,"column":2},"end":{"line":4,"column":36}},"2":{"start":{"line":4,"column":27},"end":{"line":4,"column":36}},"3":{"start":{"line":7,"column":49},"end":{"line":7,"column":51}},"4":{"start":{"line":9,"column":2},"end":{"line":19,"column":5}},"5":{"start":{"line":12,"column":4},"end":{"line":18,"column":5}},"6":{"start":{"line":13,"column":6},"end":{"line":15,"column":7}},"7":{"start":{"line":14,"column":8},"end":{"line":14,"column":37}},"8":{"start":{"line":17,"column":6},"end":{"line":17,"column":52}},"9":{"start":{"line":22,"column":24},"end":{"line":22,"column":25}},"10":{"start":{"line":23,"column":2},"end":{"line":25,"column":5}},"11":{"start":{"line":24,"column":4},"end":{"line":24,"column":40}},"12":{"start":{"line":27,"column":2},"end":{"line":27,"column":25}}},"fnMap":{"0":{"name":"calculateSkillModMultiplier","decl":{"start":{"line":3,"column":16},"end":{"line":3,"column":43}},"loc":{"start":{"line":3,"column":63},"end":{"line":28,"column":1}}},"1":{"name":"(anonymous_1)","decl":{"start":{"line":9,"column":17},"end":{"line":9,"column":22}},"loc":{"start":{"line":9,"column":25},"end":{"line":19,"column":3}}},"2":{"name":"(anonymous_2)","decl":{"start":{"line":23,"column":34},"end":{"line":23,"column":44}},"loc":{"start":{"line":23,"column":47},"end":{"line":25,"column":3}}}},"branchMap":{"0":{"loc":{"start":{"line":4,"column":2},"end":{"line":4,"column":36}},"type":"if","locations":[{"start":{"line":4,"column":2},"end":{"line":4,"column":36}},{"start":{},"end":{}}]},"1":{"loc":{"start":{"line":12,"column":4},"end":{"line":18,"column":5}},"type":"if","locations":[{"start":{"line":12,"column":4},"end":{"line":18,"column":5}},{"start":{},"end":{}}]},"2":{"loc":{"start":{"line":13,"column":6},"end":{"line":15,"column":7}},"type":"if","locations":[{"start":{"line":13,"column":6},"end":{"line":15,"column":7}},{"start":{},"end":{}}]}},"s":{"0":3,"1":3,"2":1,"3":2,"4":2,"5":3,"6":2,"7":2,"8":2,"9":2,"10":2,"11":2,"12":2},"f":{"0":3,"1":3,"2":2},"b":{"0":[1,2],"1":[2,1],"2":[2,0]}}
}
