TN:
SF:app/api/ai/optimize/route.ts
FN:8,POST
FNF:1
FNH:1
FNDA:1,POST
DA:1,1
DA:2,1
DA:8,1
DA:9,1
DA:10,1
DA:11,1
DA:13,1
DA:14,0
DA:22,1
DA:35,0
LF:10
LH:8
BRDA:11,0,0,1
BRDA:11,0,1,0
BRDA:11,1,0,1
BRDA:11,1,1,1
BRDA:13,2,0,0
BRDA:13,2,1,1
BRF:6
BRH:4
end_of_record
TN:
SF:app/api/ai/predict/route.ts
FN:10,POST
FNF:1
FNH:1
FNDA:1,POST
DA:1,1
DA:2,1
DA:10,1
DA:11,1
DA:12,1
DA:14,1
DA:15,1
DA:21,1
DA:27,1
DA:33,1
DA:41,0
LF:11
LH:10
BRDA:15,0,0,1
BRDA:15,0,1,0
BRDA:17,1,0,0
BRDA:17,1,1,0
BRDA:21,2,0,1
BRDA:21,2,1,0
BRDA:23,3,0,0
BRDA:23,3,1,0
BRF:8
BRH:2
end_of_record
TN:
SF:lib/ai/hero.ts
FN:29,normalizeStatValue
FN:38,inferSkillType
FN:47,inferChanceBased
FN:48,(anonymous_4)
FN:49,(anonymous_5)
FN:52,extractDominantSkill
FN:74,normalizeRarity
FN:79,buildSynergyTags
FN:96,getRawHeroes
FN:101,extractHeroFeatures
FN:103,(anonymous_11)
FN:119,(anonymous_12)
FN:122,scoreHeroFeature
FN:130,getHeroFeatureByName
FN:134,(anonymous_15)
FNF:15
FNH:15
FNDA:3250,normalizeStatValue
FNDA:3588,inferSkillType
FNDA:468,inferChanceBased
FNDA:6422,(anonymous_4)
FNDA:6422,(anonymous_5)
FNDA:468,extractDominantSkill
FNDA:936,normalizeRarity
FNDA:468,buildSynergyTags
FNDA:13,getRawHeroes
FNDA:13,extractHeroFeatures
FNDA:468,(anonymous_11)
FNDA:468,(anonymous_12)
FNDA:46,scoreHeroFeature
FNDA:12,getHeroFeatureByName
FNDA:52,(anonymous_15)
DA:1,3
DA:14,3
DA:21,3
DA:30,3250
DA:31,3250
DA:32,3250
DA:33,6513
DA:35,3250
DA:39,3588
DA:40,3588
DA:41,3588
DA:42,3120
DA:43,2054
DA:44,338
DA:48,6422
DA:49,6422
DA:56,468
DA:57,468
DA:59,468
DA:60,6422
DA:61,3588
DA:62,3588
DA:64,3250
DA:65,3250
DA:66,936
DA:67,936
DA:71,468
DA:75,936
DA:76,936
DA:80,468
DA:81,468
DA:82,468
DA:83,468
DA:85,468
DA:86,468
DA:88,468
DA:89,325
DA:91,468
DA:93,468
DA:97,13
DA:98,13
DA:101,3
DA:102,13
DA:104,468
DA:105,468
DA:106,468
DA:107,468
DA:108,468
DA:110,468
DA:119,468
DA:122,3
DA:123,46
DA:124,46
DA:125,46
DA:126,46
DA:127,46
DA:130,3
DA:131,12
DA:132,12
DA:134,52
DA:135,12
LF:61
LH:61
BRDA:30,0,0,0
BRDA:30,0,1,3250
BRDA:40,1,0,0
BRDA:40,1,1,3588
BRDA:41,2,0,468
BRDA:41,2,1,3120
BRDA:41,3,0,3588
BRDA:41,3,1,3120
BRDA:42,4,0,1066
BRDA:42,4,1,2054
BRDA:42,5,0,3120
BRDA:42,5,1,2054
BRDA:42,5,2,2054
BRDA:43,6,0,1716
BRDA:43,6,1,338
BRDA:43,7,0,2054
BRDA:43,7,1,988
BRDA:49,8,0,6422
BRDA:49,8,1,6422
BRDA:49,8,2,6422
BRDA:60,9,0,2834
BRDA:60,9,1,3588
BRDA:62,10,0,338
BRDA:62,10,1,3250
BRDA:65,11,0,936
BRDA:65,11,1,2314
BRDA:75,12,0,0
BRDA:75,12,1,936
BRDA:75,13,0,936
BRDA:75,13,1,936
BRDA:85,14,0,468
BRDA:85,14,1,0
BRDA:85,15,0,468
BRDA:85,15,1,468
BRDA:88,16,0,325
BRDA:88,16,1,143
BRDA:88,17,0,468
BRDA:88,17,1,325
BRDA:98,18,0,13
BRDA:98,18,1,0
BRDA:104,19,0,468
BRDA:104,19,1,0
BRDA:124,20,0,46
BRDA:124,20,1,0
BRDA:124,21,0,46
BRDA:124,21,1,46
BRDA:126,22,0,0
BRDA:126,22,1,46
BRDA:132,23,0,0
BRDA:132,23,1,12
BRDA:135,24,0,12
BRDA:135,24,1,0
BRDA:135,25,0,12
BRDA:135,25,1,12
BRF:54
BRH:44
end_of_record
TN:
SF:lib/ai/model.ts
FN:17,normalizeScore
FN:23,calculateHybridScore
FN:46,readLatestModelMetrics
FNF:3
FNH:3
FNDA:6,normalizeScore
FNDA:3,calculateHybridScore
FNDA:1,readLatestModelMetrics
DA:1,2
DA:2,2
DA:17,2
DA:18,6
DA:19,6
DA:20,6
DA:23,2
DA:24,3
DA:25,3
DA:26,3
DA:28,3
DA:29,1
DA:37,2
DA:38,2
DA:46,2
DA:47,1
DA:48,1
DA:49,1
DA:50,1
DA:52,1
DA:53,0
DA:56,1
DA:61,0
LF:23
LH:21
BRDA:18,0,0,0
BRDA:18,0,1,6
BRDA:19,1,0,0
BRDA:19,1,1,6
BRDA:28,2,0,1
BRDA:28,2,1,2
BRDA:52,3,0,0
BRDA:52,3,1,1
BRDA:52,4,0,1
BRDA:52,4,1,1
BRF:10
BRH:7
end_of_record
TN:
SF:lib/ai/recommender.ts
FN:25,candidateStrength
FN:31,scoreJoinerSet
FN:48,(anonymous_2)
FN:54,buildReasoning
FN:55,(anonymous_4)
FN:56,(anonymous_5)
FN:65,recommendBearTeam
FN:69,(anonymous_7)
FN:74,(anonymous_8)
FN:78,(anonymous_9)
FN:79,(anonymous_10)
FN:90,(anonymous_11)
FN:100,(anonymous_12)
FN:106,(anonymous_13)
FN:109,(anonymous_14)
FNF:15
FNH:15
FNDA:11,candidateStrength
FNDA:6,scoreJoinerSet
FNDA:24,(anonymous_2)
FNDA:2,buildReasoning
FNDA:8,(anonymous_4)
FNDA:4,(anonymous_5)
FNDA:3,recommendBearTeam
FNDA:11,(anonymous_7)
FNDA:11,(anonymous_8)
FNDA:19,(anonymous_9)
FNDA:11,(anonymous_10)
FNDA:24,(anonymous_11)
FNDA:8,(anonymous_12)
FNDA:8,(anonymous_13)
FNDA:8,(anonymous_14)
DA:1,2
DA:18,2
DA:26,11
DA:27,11
DA:28,11
DA:32,6
DA:33,6
DA:35,6
DA:36,24
DA:37,24
DA:38,24
DA:40,24
DA:43,24
DA:44,7
DA:48,24
DA:49,6
DA:51,6
DA:55,8
DA:56,4
DA:58,2
DA:65,2
DA:66,3
DA:68,2
DA:70,11
DA:71,11
DA:72,11
DA:74,11
DA:76,2
DA:78,19
DA:79,11
DA:81,2
DA:82,2
DA:85,2
DA:86,9
DA:87,16
DA:88,14
DA:89,6
DA:90,24
DA:91,6
DA:92,2
DA:93,2
DA:100,8
DA:101,2
DA:102,2
DA:104,2
DA:106,8
DA:109,8
LF:47
LH:47
BRDA:37,0,0,7
BRDA:37,0,1,17
BRDA:37,1,0,24
BRDA:37,1,1,24
BRDA:43,2,0,7
BRDA:43,2,1,17
BRDA:66,3,0,1
BRDA:66,3,1,2
BRDA:71,4,0,0
BRDA:71,4,1,11
BRDA:76,5,0,0
BRDA:76,5,1,2
BRDA:91,6,0,2
BRDA:91,6,1,4
BRF:14
BRH:12
end_of_record
TN:
SF:lib/calculators/damage.ts
FN:8,calculateDamage
FN:47,recommendFormation
FN:81,simulatePRNGDamage
FN:94,(anonymous_3)
FNF:4
FNH:4
FNDA:8,calculateDamage
FNDA:6,recommendFormation
FNDA:1,simulatePRNGDamage
FNDA:5,(anonymous_3)
DA:6,3
DA:8,3
DA:19,8
DA:22,8
DA:27,8
DA:29,8
DA:30,8
DA:31,8
DA:34,8
DA:35,8
DA:36,1
DA:39,8
DA:47,3
DA:48,6
DA:49,6
DA:51,6
DA:53,2
DA:54,2
DA:55,2
DA:57,1
DA:58,1
DA:59,1
DA:61,1
DA:62,1
DA:63,1
DA:65,1
DA:66,1
DA:67,1
DA:69,1
DA:70,1
DA:71,1
DA:74,6
DA:81,3
DA:86,1
DA:87,1
DA:88,1
DA:90,1
DA:92,5
DA:94,5
DA:95,5
DA:96,5
DA:100,5
DA:104,5
DA:105,5
DA:107,5
DA:108,5
DA:109,5
DA:112,1
LF:48
LH:48
BRDA:30,0,0,8
BRDA:30,0,1,0
BRDA:35,1,0,1
BRDA:35,1,1,7
BRDA:51,2,0,2
BRDA:51,2,1,1
BRDA:51,2,2,1
BRDA:51,2,3,1
BRDA:51,2,4,1
BRDA:84,3,0,0
BRDA:96,4,0,5
BRDA:96,4,1,0
BRDA:96,5,0,5
BRDA:96,5,1,5
BRDA:107,6,0,1
BRDA:107,6,1,4
BRDA:108,7,0,1
BRDA:108,7,1,4
BRF:18
BRH:15
end_of_record
TN:
SF:lib/calculators/economic.ts
FN:19,calculateTruegoldCost
FN:40,calculateBatchHeal
FN:63,calculateMasterAcademy
FNF:3
FNH:3
FNDA:1,calculateTruegoldCost
FNDA:2,calculateBatchHeal
FNDA:2,calculateMasterAcademy
DA:12,3
DA:19,3
DA:22,1
DA:23,1
DA:26,1
DA:27,1
DA:31,1
DA:33,1
DA:40,3
DA:41,2
DA:42,2
DA:43,2
DA:44,2
DA:47,2
DA:51,2
DA:54,2
DA:56,2
DA:63,3
DA:64,2
DA:65,2
DA:68,2
DA:69,1
DA:72,2
DA:73,1
DA:76,2
DA:77,1
DA:80,2
DA:81,1
DA:84,2
LF:29
LH:29
BRDA:26,0,0,1
BRDA:26,0,1,0
BRDA:26,1,0,1
BRDA:26,1,1,1
BRDA:31,2,0,1
BRDA:31,2,1,0
BRDA:54,3,0,2
BRDA:54,3,1,0
BRDA:68,4,0,1
BRDA:68,4,1,1
BRDA:72,5,0,1
BRDA:72,5,1,1
BRDA:76,6,0,1
BRDA:76,6,1,1
BRDA:80,7,0,1
BRDA:80,7,1,1
BRF:16
BRH:13
end_of_record
TN:
SF:lib/calculators/rally.ts
FN:5,analyzeRally
FN:10,(anonymous_1)
FN:18,(anonymous_2)
FN:21,(anonymous_3)
FN:32,(anonymous_4)
FN:44,(anonymous_5)
FN:59,(anonymous_6)
FN:63,(anonymous_7)
FNF:8
FNH:7
FNDA:2,analyzeRally
FNDA:1,(anonymous_1)
FNDA:1,(anonymous_2)
FNDA:1,(anonymous_3)
FNDA:0,(anonymous_4)
FNDA:1,(anonymous_5)
FNDA:1,(anonymous_6)
FNDA:1,(anonymous_7)
DA:3,2
DA:5,2
DA:6,2
DA:9,2
DA:10,2
DA:11,1
DA:15,2
DA:18,2
DA:21,2
DA:23,1
DA:24,1
DA:25,1
DA:27,0
DA:32,2
DA:35,2
DA:36,2
DA:38,2
DA:39,0
DA:43,2
DA:44,2
DA:45,1
DA:46,0
DA:47,0
DA:49,0
DA:55,2
DA:58,2
DA:59,2
DA:60,1
DA:63,2
DA:64,1
DA:65,0
DA:69,2
DA:71,2
LF:33
LH:27
BRDA:23,0,0,1
BRDA:23,0,1,0
BRDA:23,1,0,1
BRDA:23,1,1,0
BRDA:38,2,0,0
BRDA:38,2,1,2
BRDA:45,3,0,0
BRDA:45,3,1,1
BRDA:46,4,0,0
BRDA:46,4,1,0
BRDA:60,5,0,1
BRDA:60,5,1,1
BRDA:64,6,0,0
BRDA:64,6,1,1
BRF:14
BRH:7
end_of_record
TN:
SF:lib/calculators/skillmod.ts
FN:3,calculateSkillModMultiplier
FN:9,(anonymous_1)
FN:23,(anonymous_2)
FNF:3
FNH:3
FNDA:3,calculateSkillModMultiplier
FNDA:3,(anonymous_1)
FNDA:2,(anonymous_2)
DA:3,3
DA:4,3
DA:7,2
DA:9,2
DA:12,3
DA:13,2
DA:14,2
DA:17,2
DA:22,2
DA:23,2
DA:24,2
DA:27,2
LF:12
LH:12
BRDA:4,0,0,1
BRDA:4,0,1,2
BRDA:12,1,0,2
BRDA:12,1,1,1
BRDA:13,2,0,2
BRDA:13,2,1,0
BRF:6
BRH:5
end_of_record
